<?xml version="1.0" encoding="UTF-8"?>
<!-- Generated by org.testng.reporters.JUnitReportReporter -->
<testsuite hostname="artdsktp44" failures="0" tests="1" name="testCases.LoginTest" time="1.121" errors="0" timestamp="2023-03-07T13:12:41 IST" skipped="0">
  <testcase classname="testCases.LoginTest" name="TC005_verify_login_with_valid_data" time="1.121"/>
  <system-out/>
</testsuite> <!-- testCases.LoginTest -->
