<?xml version="1.0" encoding="UTF-8"?>
<!-- Generated by org.testng.reporters.JUnitReportReporter -->
<testsuite hostname="artdsktp44" failures="0" tests="2" name="testCases.AccountOverviewTest" time="15.055" errors="0" timestamp="2023-03-07T13:12:41 IST" skipped="0">
  <testcase classname="testCases.AccountOverviewTest" name="TC007_verify_account_overview" time="5.283"/>
  <system-out/>
  <testcase classname="testCases.AccountOverviewTest" name="TC008_verify_create_new_Acc" time="9.772"/>
  <system-out/>
</testsuite> <!-- testCases.AccountOverviewTest -->
