<?xml version="1.0" encoding="UTF-8"?>
<!-- Generated by org.testng.reporters.JUnitReportReporter -->
<testsuite hostname="artdsktp44" failures="0" tests="2" name="testCases.RegisterTest" time="7.530" errors="0" timestamp="2023-03-07T13:12:41 IST" skipped="0">
  <testcase classname="testCases.RegisterTest" name="TC004_verify_signUp_functionality" time="6.838"/>
  <system-out/>
  <testcase classname="testCases.RegisterTest" name="TC001_verify_register_link" time="0.692"/>
  <system-out/>
</testsuite> <!-- testCases.RegisterTest -->
